<?xml version="1.0" encoding="UTF-8"?>
<testng-results skipped="0" failed="0" total="0" passed="0">
  <reporter-output>
  </reporter-output>
  <suite name="KeywordDriven.Testing.AppTest" duration-ms="4" started-at="2020-03-30T06:45:00Z" finished-at="2020-03-30T06:45:00Z">
    <groups>
    </groups>
    <test name="Command line test" duration-ms="4" started-at="2020-03-30T06:45:00Z" finished-at="2020-03-30T06:45:00Z">
    </test> <!-- Command line test -->
  </suite> <!-- KeywordDriven.Testing.AppTest -->
</testng-results>
