<?xml version="1.0" encoding="UTF-8"?>
<testng-results skipped="0" failed="0" ignored="0" total="1" passed="1">
  <reporter-output>
  </reporter-output>
  <suite name="Default suite" duration-ms="19104" started-at="2020-04-04T11:52:13 IST" finished-at="2020-04-04T11:52:32 IST">
    <groups>
    </groups>
    <test name="Default test" duration-ms="19104" started-at="2020-04-04T11:52:13 IST" finished-at="2020-04-04T11:52:32 IST">
      <class name="com.KeywordDriven.Testing.HomePage_Tests">
        <test-method status="PASS" signature="take_Screenshot()[pri:0, instance:com.KeywordDriven.Testing.HomePage_Tests@23faf8f2]" name="take_Screenshot" duration-ms="18982" started-at="2020-04-04T11:52:13 IST" finished-at="2020-04-04T11:52:32 IST">
          <reporter-output>
          </reporter-output>
        </test-method> <!-- take_Screenshot -->
      </class> <!-- com.KeywordDriven.Testing.HomePage_Tests -->
    </test> <!-- Default test -->
  </suite> <!-- Default suite -->
</testng-results>
